2020-11-14 03:17:50.468  INFO 171 --- [main] lavalink.server.Launcher                 : 

[32m       .  [31m _                  _ _       _    [32m__ _ _
[32m      /\\ [31m| | __ ___   ____ _| (_)_ __ | | __[32m\ \ \ \
[32m     ( ( )[31m| |/ _` \ \ / / _` | | | '_ \| |/ /[32m \ \ \ \
[32m      \\/ [31m| | (_| |\ V / (_| | | | | | |   < [32m  ) ) ) )
[32m       '  [31m|_|\__,_| \_/ \__,_|_|_|_| |_|_|\_\[32m / / / /
[0m    =========================================[32m/_/_/_/[0m

	Version:        3.3.2
	Build:          1122
	Build time:     24.10.2020 09:19:26 UTC
	Branch          master
	Commit:         644b8c9
	Commit time:    24.10.2020 09:14:00 UTC
	JVM:            11.0.8
	Lavaplayer      1.3.59

2020-11-14 03:17:51.411  INFO 171 --- [main] lavalink.server.Launcher                 : Starting Launcher on b883a4655977 with PID 171 (/home/runner/Mossy-The-Bot/Lavalink.jar started by runner in /home/runner/Mossy-The-Bot)
2020-11-14 03:17:51.416  INFO 171 --- [main] lavalink.server.Launcher                 : No active profile set, falling back to default profiles: default
2020-11-14 03:17:52.321  WARN 171 --- [background-preinit] o.s.h.c.j.Jackson2ObjectMapperBuilder    : For Jackson Kotlin classes support please add "com.fasterxml.jackson.module:jackson-module-kotlin" to the classpath
2020-11-14 03:18:01.716  WARN 171 --- [main] io.undertow.websockets.jsr               : UT026010: Buffer pool was not set on WebSocketDeploymentInfo, the default pool will be used
2020-11-14 03:18:01.910  INFO 171 --- [main] io.undertow.servlet                      : Initializing Spring embedded WebApplicationContext
2020-11-14 03:18:01.912  INFO 171 --- [main] o.s.web.context.ContextLoader            : Root WebApplicationContext: initialization completed in 9795 ms
2020-11-14 03:18:04.113  WARN 171 --- [main] l.server.config.SentryConfiguration      : Turning off sentry
2020-11-14 03:18:06.399  INFO 171 --- [main] c.s.d.l.tools.GarbageCollectionMonitor   : GC monitoring enabled, reporting results every 2 minutes.
2020-11-14 03:18:07.910  INFO 171 --- [main] lavalink.server.config.KoeConfiguration  : OS: Linux, Arch: amd64
2020-11-14 03:18:07.910  INFO 171 --- [main] lavalink.server.config.KoeConfiguration  : Enabling JDA-NAS
2020-11-14 03:18:07.996  INFO 171 --- [main] c.s.l.c.natives.NativeLibraryLoader      : Native library udpqueue: loading with filter null
2020-11-14 03:18:08.003  INFO 171 --- [main] c.s.l.c.natives.NativeLibraryLoader      : Native library udpqueue: successfully loaded.
2020-11-14 03:18:09.911  INFO 171 --- [main] o.s.s.concurrent.ThreadPoolTaskExecutor  : Initializing ExecutorService 'applicationTaskExecutor'
2020-11-14 03:18:12.002  INFO 171 --- [main] org.xnio                                 : XNIO version 3.3.8.Final
2020-11-14 03:18:12.116  INFO 171 --- [main] org.xnio.nio                             : XNIO NIO Implementation Version 3.3.8.Final
2020-11-14 03:18:12.427  INFO 171 --- [main] o.s.b.w.e.u.UndertowServletWebServer     : Undertow started on port(s) 2333 (http) with context path ''
2020-11-14 03:18:12.435  INFO 171 --- [main] lavalink.server.Launcher                 : Started Launcher in 28.419 seconds (JVM running for 32.138)
2020-11-14 03:18:12.438  INFO 171 --- [main] lavalink.server.Launcher                 : You can safely ignore the big red warning about illegal reflection. See https://github.com/Frederikam/Lavalink/issues/295
2020-11-14 03:18:43.409  INFO 171 --- [XNIO-1 task-1] io.undertow.servlet                      : Initializing Spring DispatcherServlet 'dispatcherServlet'
2020-11-14 03:18:43.411  INFO 171 --- [XNIO-1 task-1] o.s.web.servlet.DispatcherServlet        : Initializing Servlet 'dispatcherServlet'
2020-11-14 03:18:43.504  INFO 171 --- [XNIO-1 task-1] o.s.web.servlet.DispatcherServlet        : Completed initialization in 93 ms
2020-11-14 03:18:43.727  INFO 171 --- [XNIO-1 task-1] l.server.io.HandshakeInterceptorImpl     : Incoming connection from /127.0.0.1:55414
2020-11-14 03:18:44.042  INFO 171 --- [XNIO-1 task-1] lavalink.server.io.SocketServer          : Connection successfully established from /127.0.0.1:55414
2020-11-14 03:18:44.295  INFO 171 --- [XNIO-1 I/O-2] lavalink.server.io.SocketServer          : {"op": "configureResuming", "key": "default-node", "timeout": 60}
2020-11-14 03:20:06.399  WARN 171 --- [lava-daemon-pool-manager-3-thread-1] c.s.d.l.tools.GarbageCollectionMonitor   : Suspicious GC results for the last 2 minutes: [Bucket 0 = 11] [Bucket 20 = 1] [Bucket 50 = 0] [Bucket 200 = 1] [Bucket 500 = 0] [Bucket 2000 = 0] 
2020-11-14 03:31:46.069  INFO 171 --- [XNIO-1 I/O-2] lavalink.server.io.SocketServer          : Connection closed from /127.0.0.1:55414 with status CloseStatus[code=1006, reason=] -- Session can be resumed within the next 60 seconds with key default-node
2020-11-14 03:31:46.087  INFO 171 --- [Thread-1] o.s.s.concurrent.ThreadPoolTaskExecutor  : Shutting down ExecutorService 'applicationTaskExecutor'
2020-11-14 03:31:46.096  INFO 171 --- [Thread-1] c.s.d.l.tools.GarbageCollectionMonitor   : GC monitoring disabled.
2020-11-14 03:31:46.106  INFO 171 --- [Thread-1] io.undertow.servlet                      : Destroying Spring FrameworkServlet 'dispatcherServlet'
2020-11-14 03:31:59.802  INFO 433 --- [main] lavalink.server.Launcher                 : 

[32m       .  [31m _                  _ _       _    [32m__ _ _
[32m      /\\ [31m| | __ ___   ____ _| (_)_ __ | | __[32m\ \ \ \
[32m     ( ( )[31m| |/ _` \ \ / / _` | | | '_ \| |/ /[32m \ \ \ \
[32m      \\/ [31m| | (_| |\ V / (_| | | | | | |   < [32m  ) ) ) )
[32m       '  [31m|_|\__,_| \_/ \__,_|_|_|_| |_|_|\_\[32m / / / /
[0m    =========================================[32m/_/_/_/[0m

	Version:        3.3.2
	Build:          1122
	Build time:     24.10.2020 09:19:26 UTC
	Branch          master
	Commit:         644b8c9
	Commit time:    24.10.2020 09:14:00 UTC
	JVM:            11.0.8
	Lavaplayer      1.3.59

2020-11-14 03:32:00.998  INFO 433 --- [main] lavalink.server.Launcher                 : Starting Launcher on b883a4655977 with PID 433 (/home/runner/Mossy-The-Bot/Lavalink.jar started by runner in /home/runner/Mossy-The-Bot)
2020-11-14 03:32:01.013  INFO 433 --- [main] lavalink.server.Launcher                 : No active profile set, falling back to default profiles: default
2020-11-14 03:32:02.497  WARN 433 --- [background-preinit] o.s.h.c.j.Jackson2ObjectMapperBuilder    : For Jackson Kotlin classes support please add "com.fasterxml.jackson.module:jackson-module-kotlin" to the classpath
2020-11-14 03:32:11.498  WARN 433 --- [main] io.undertow.websockets.jsr               : UT026010: Buffer pool was not set on WebSocketDeploymentInfo, the default pool will be used
2020-11-14 03:32:11.611  INFO 433 --- [main] io.undertow.servlet                      : Initializing Spring embedded WebApplicationContext
2020-11-14 03:32:11.612  INFO 433 --- [main] o.s.web.context.ContextLoader            : Root WebApplicationContext: initialization completed in 10079 ms
2020-11-14 03:32:14.217  WARN 433 --- [main] l.server.config.SentryConfiguration      : Turning off sentry
2020-11-14 03:32:17.096  INFO 433 --- [main] c.s.d.l.tools.GarbageCollectionMonitor   : GC monitoring enabled, reporting results every 2 minutes.
2020-11-14 03:32:19.025  INFO 433 --- [main] lavalink.server.config.KoeConfiguration  : OS: Linux, Arch: amd64
2020-11-14 03:32:19.096  INFO 433 --- [main] lavalink.server.config.KoeConfiguration  : Enabling JDA-NAS
2020-11-14 03:32:19.102  INFO 433 --- [main] c.s.l.c.natives.NativeLibraryLoader      : Native library udpqueue: loading with filter null
2020-11-14 03:32:19.110  INFO 433 --- [main] c.s.l.c.natives.NativeLibraryLoader      : Native library udpqueue: successfully loaded.
2020-11-14 03:32:21.602  INFO 433 --- [main] o.s.s.concurrent.ThreadPoolTaskExecutor  : Initializing ExecutorService 'applicationTaskExecutor'
2020-11-14 03:32:23.821  INFO 433 --- [main] org.xnio                                 : XNIO version 3.3.8.Final
2020-11-14 03:32:24.019  INFO 433 --- [main] org.xnio.nio                             : XNIO NIO Implementation Version 3.3.8.Final
2020-11-14 03:32:24.498  INFO 433 --- [main] o.s.b.w.e.u.UndertowServletWebServer     : Undertow started on port(s) 2333 (http) with context path ''
2020-11-14 03:32:24.506  INFO 433 --- [main] lavalink.server.Launcher                 : Started Launcher in 30.702 seconds (JVM running for 35.339)
2020-11-14 03:32:24.509  INFO 433 --- [main] lavalink.server.Launcher                 : You can safely ignore the big red warning about illegal reflection. See https://github.com/Frederikam/Lavalink/issues/295
2020-11-14 03:32:52.497  INFO 433 --- [XNIO-1 task-1] io.undertow.servlet                      : Initializing Spring DispatcherServlet 'dispatcherServlet'
2020-11-14 03:32:52.505  INFO 433 --- [XNIO-1 task-1] o.s.web.servlet.DispatcherServlet        : Initializing Servlet 'dispatcherServlet'
2020-11-14 03:32:52.588  INFO 433 --- [XNIO-1 task-1] o.s.web.servlet.DispatcherServlet        : Completed initialization in 82 ms
2020-11-14 03:32:52.762  INFO 433 --- [XNIO-1 task-1] l.server.io.HandshakeInterceptorImpl     : Incoming connection from /127.0.0.1:47574
2020-11-14 03:32:53.115  INFO 433 --- [XNIO-1 task-1] lavalink.server.io.SocketServer          : Connection successfully established from /127.0.0.1:47574
2020-11-14 03:32:53.435  INFO 433 --- [XNIO-1 I/O-2] lavalink.server.io.SocketServer          : {"op": "configureResuming", "key": "default-node", "timeout": 60}
